app/build/intermediates/manifest_merge_blame_file/debug/processDebugMainManifest/manifest-merger-blame-debug-report.txt
1<?xml version="1.0" encoding="utf-8"?>
2<manifest xmlns:android="http://schemas.android.com/apk/res/android"
3    package="com.example.finalproject"
4    android:versionCode="1"
5    android:versionName="1.0" >
6
7    <uses-sdk
8        android:minSdkVersion="34"
9        android:targetSdkVersion="34" />
10
11    <uses-permission android:name="android.permission.READ_PHONE_STATE" />
11-->src\main\AndroidManifest.xml:16:5-75
11-->src\main\AndroidManifest.xml:16:22-72
12
13    <permission
13-->[androidx.core:core:1.13.0] AndroidManifest.xml:22:5-24:47
14        android:name="com.example.finalproject.DYNAMIC_RECEIVER_NOT_EXPORTED_PERMISSION"
14-->[androidx.core:core:1.13.0] AndroidManifest.xml:23:9-81
15        android:protectionLevel="signature" />
15-->[androidx.core:core:1.13.0] AndroidManifest.xml:24:9-44
16
17    <uses-permission android:name="com.example.finalproject.DYNAMIC_RECEIVER_NOT_EXPORTED_PERMISSION" />
17-->[androidx.core:core:1.13.0] AndroidManifest.xml:26:5-97
17-->[androidx.core:core:1.13.0] AndroidManifest.xml:26:22-94
18
19    <application
19-->src\main\AndroidManifest.xml:5:5-14:32
20        android:allowBackup="true"
20-->src\main\AndroidManifest.xml:6:9-35
21        android:appComponentFactory="androidx.core.app.CoreComponentFactory"
21-->[androidx.core:core:1.13.0] AndroidManifest.xml:28:18-86
22        android:dataExtractionRules="@xml/data_extraction_rules"
22-->src\main\AndroidManifest.xml:7:9-65
23        android:debuggable="true"
24        android:extractNativeLibs="false"
25        android:fullBackupContent="@xml/backup_rules"
25-->src\main\AndroidManifest.xml:8:9-54
26        android:icon="@mipmap/ic_launcher"
26-->src\main\AndroidManifest.xml:9:9-43
27        android:label="@string/app_name"
27-->src\main\AndroidManifest.xml:10:9-41
28        android:roundIcon="@mipmap/ic_launcher_round"
28-->src\main\AndroidManifest.xml:11:9-54
29        android:supportsRtl="true"
29-->src\main\AndroidManifest.xml:12:9-35
30        android:testOnly="true"
31        android:theme="@style/Theme.FinalProject" >
31-->src\main\AndroidManifest.xml:13:9-50
32        <provider
32-->[androidx.emoji2:emoji2:1.3.0] AndroidManifest.xml:24:9-32:20
33            android:name="androidx.startup.InitializationProvider"
33-->[androidx.emoji2:emoji2:1.3.0] AndroidManifest.xml:25:13-67
34            android:authorities="com.example.finalproject.androidx-startup"
34-->[androidx.emoji2:emoji2:1.3.0] AndroidManifest.xml:26:13-68
35            android:exported="false" >
35-->[androidx.emoji2:emoji2:1.3.0] AndroidManifest.xml:27:13-37
36            <meta-data
36-->[androidx.emoji2:emoji2:1.3.0] AndroidManifest.xml:29:13-31:52
37                android:name="androidx.emoji2.text.EmojiCompatInitializer"
37-->[androidx.emoji2:emoji2:1.3.0] AndroidManifest.xml:30:17-75
38                android:value="androidx.startup" />
38-->[androidx.emoji2:emoji2:1.3.0] AndroidManifest.xml:31:17-49
39            <meta-data
39-->[androidx.lifecycle:lifecycle-process:2.6.2] AndroidManifest.xml:29:13-31:52
40                android:name="androidx.lifecycle.ProcessLifecycleInitializer"
40-->[androidx.lifecycle:lifecycle-process:2.6.2] AndroidManifest.xml:30:17-78
41                android:value="androidx.startup" />
41-->[androidx.lifecycle:lifecycle-process:2.6.2] AndroidManifest.xml:31:17-49
42            <meta-data
42-->[androidx.profileinstaller:profileinstaller:1.3.1] AndroidManifest.xml:29:13-31:52
43                android:name="androidx.profileinstaller.ProfileInstallerInitializer"
43-->[androidx.profileinstaller:profileinstaller:1.3.1] AndroidManifest.xml:30:17-85
44                android:value="androidx.startup" />
44-->[androidx.profileinstaller:profileinstaller:1.3.1] AndroidManifest.xml:31:17-49
45        </provider>
46
47        <receiver
47-->[androidx.profileinstaller:profileinstaller:1.3.1] AndroidManifest.xml:34:9-52:20
48            android:name="androidx.profileinstaller.ProfileInstallReceiver"
48-->[androidx.profileinstaller:profileinstaller:1.3.1] AndroidManifest.xml:35:13-76
49            android:directBootAware="false"
49-->[androidx.profileinstaller:profileinstaller:1.3.1] AndroidManifest.xml:36:13-44
50            android:enabled="true"
50-->[androidx.profileinstaller:profileinstaller:1.3.1] AndroidManifest.xml:37:13-35
51            android:exported="true"
51-->[androidx.profileinstaller:profileinstaller:1.3.1] AndroidManifest.xml:38:13-36
52            android:permission="android.permission.DUMP" >
52-->[androidx.profileinstaller:profileinstaller:1.3.1] AndroidManifest.xml:39:13-57
53            <intent-filter>
53-->[androidx.profileinstaller:profileinstaller:1.3.1] AndroidManifest.xml:40:13-42:29
54                <action android:name="androidx.profileinstaller.action.INSTALL_PROFILE" />
54-->[androidx.profileinstaller:profileinstaller:1.3.1] AndroidManifest.xml:41:17-91
54-->[androidx.profileinstaller:profileinstaller:1.3.1] AndroidManifest.xml:41:25-88
55            </intent-filter>
56            <intent-filter>
56-->[androidx.profileinstaller:profileinstaller:1.3.1] AndroidManifest.xml:43:13-45:29
57                <action android:name="androidx.profileinstaller.action.SKIP_FILE" />
57-->[androidx.profileinstaller:profileinstaller:1.3.1] AndroidManifest.xml:44:17-85
57-->[androidx.profileinstaller:profileinstaller:1.3.1] AndroidManifest.xml:44:25-82
58            </intent-filter>
59            <intent-filter>
59-->[androidx.profileinstaller:profileinstaller:1.3.1] AndroidManifest.xml:46:13-48:29
60                <action android:name="androidx.profileinstaller.action.SAVE_PROFILE" />
60-->[androidx.profileinstaller:profileinstaller:1.3.1] AndroidManifest.xml:47:17-88
60-->[androidx.profileinstaller:profileinstaller:1.3.1] AndroidManifest.xml:47:25-85
61            </intent-filter>
62            <intent-filter>
62-->[androidx.profileinstaller:profileinstaller:1.3.1] AndroidManifest.xml:49:13-51:29
63                <action android:name="androidx.profileinstaller.action.BENCHMARK_OPERATION" />
63-->[androidx.profileinstaller:profileinstaller:1.3.1] AndroidManifest.xml:50:17-95
63-->[androidx.profileinstaller:profileinstaller:1.3.1] AndroidManifest.xml:50:25-92
64            </intent-filter>
65        </receiver>
66    </application>
67
68</manifest>